{"/Users/dev/Downloads/Poke React/src/App.tsx": {"path":"/Users/dev/Downloads/Poke React/src/App.tsx","statementMap":{"0":{"start":{"line":7,"column":12},"end":{"line":16,"column":1}},"1":{"start":{"line":8,"column":2},"end":{"line":15,"column":13}}},"fnMap":{"0":{"name":"(anonymous_0)","decl":{"start":{"line":7,"column":12},"end":{"line":7,"column":13}},"loc":{"start":{"line":8,"column":2},"end":{"line":15,"column":13}},"line":8}},"branchMap":{},"s":{"0":0,"1":0},"f":{"0":0},"b":{}}
,"/Users/dev/Downloads/Poke React/src/index.tsx": {"path":"/Users/dev/Downloads/Poke React/src/index.tsx","statementMap":{"0":{"start":{"line":7,"column":13},"end":{"line":7,"column":80}},"1":{"start":{"line":9,"column":0},"end":{"line":13,"column":1}},"2":{"start":{"line":15,"column":0},"end":{"line":15,"column":17}}},"fnMap":{},"branchMap":{},"s":{"0":0,"1":0,"2":0},"f":{},"b":{}}
,"/Users/dev/Downloads/Poke React/src/reportWebVitals.ts": {"path":"/Users/dev/Downloads/Poke React/src/reportWebVitals.ts","statementMap":{"0":{"start":{"line":3,"column":24},"end":{"line":13,"column":1}},"1":{"start":{"line":4,"column":2},"end":{"line":12,"column":3}},"2":{"start":{"line":5,"column":4},"end":{"line":11,"column":6}},"3":{"start":{"line":6,"column":6},"end":{"line":6,"column":25}},"4":{"start":{"line":7,"column":6},"end":{"line":7,"column":25}},"5":{"start":{"line":8,"column":6},"end":{"line":8,"column":25}},"6":{"start":{"line":9,"column":6},"end":{"line":9,"column":25}},"7":{"start":{"line":10,"column":6},"end":{"line":10,"column":26}}},"fnMap":{"0":{"name":"(anonymous_0)","decl":{"start":{"line":3,"column":24},"end":{"line":3,"column":25}},"loc":{"start":{"line":3,"column":57},"end":{"line":13,"column":1}},"line":3},"1":{"name":"(anonymous_1)","decl":{"start":{"line":5,"column":30},"end":{"line":5,"column":31}},"loc":{"start":{"line":5,"column":79},"end":{"line":11,"column":5}},"line":5}},"branchMap":{"0":{"loc":{"start":{"line":4,"column":2},"end":{"line":12,"column":3}},"type":"if","locations":[{"start":{"line":4,"column":2},"end":{"line":12,"column":3}},{"start":{},"end":{}}],"line":4},"1":{"loc":{"start":{"line":4,"column":6},"end":{"line":4,"column":52}},"type":"binary-expr","locations":[{"start":{"line":4,"column":6},"end":{"line":4,"column":17}},{"start":{"line":4,"column":21},"end":{"line":4,"column":52}}],"line":4}},"s":{"0":0,"1":0,"2":0,"3":0,"4":0,"5":0,"6":0,"7":0},"f":{"0":0,"1":0},"b":{"0":[0,0],"1":[0,0]}}
,"/Users/dev/Downloads/Poke React/src/api/index.ts": {"path":"/Users/dev/Downloads/Poke React/src/api/index.ts","statementMap":{"0":{"start":{"line":3,"column":31},"end":{"line":14,"column":2}},"1":{"start":{"line":6,"column":27},"end":{"line":13,"column":3}},"2":{"start":{"line":8,"column":25},"end":{"line":8,"column":60}},"3":{"start":{"line":11,"column":21},"end":{"line":11,"column":36}},"4":{"start":{"line":16,"column":63},"end":{"line":16,"column":78}}},"fnMap":{"0":{"name":"(anonymous_0)","decl":{"start":{"line":6,"column":13},"end":{"line":6,"column":14}},"loc":{"start":{"line":6,"column":27},"end":{"line":13,"column":3}},"line":6},"1":{"name":"(anonymous_1)","decl":{"start":{"line":8,"column":13},"end":{"line":8,"column":14}},"loc":{"start":{"line":8,"column":25},"end":{"line":8,"column":60}},"line":8},"2":{"name":"(anonymous_2)","decl":{"start":{"line":11,"column":13},"end":{"line":11,"column":14}},"loc":{"start":{"line":11,"column":21},"end":{"line":11,"column":36}},"line":11}},"branchMap":{},"s":{"0":2,"1":2,"2":0,"3":0,"4":2},"f":{"0":2,"1":0,"2":0},"b":{},"_coverageSchema":"1a1c01bbd47fc00a2c39e90264f33305004495a9","hash":"18d636464c736ca927e15a2241a46de01eb1ff77"}
,"/Users/dev/Downloads/Poke React/src/components/index.ts": {"path":"/Users/dev/Downloads/Poke React/src/components/index.ts","statementMap":{},"fnMap":{},"branchMap":{},"s":{},"f":{},"b":{},"_coverageSchema":"1a1c01bbd47fc00a2c39e90264f33305004495a9","hash":"1e4e988142538acc1d95d2f6df5a07b90736b179"}
,"/Users/dev/Downloads/Poke React/src/components/ReactTable/index.tsx": {"path":"/Users/dev/Downloads/Poke React/src/components/ReactTable/index.tsx","statementMap":{"0":{"start":{"line":14,"column":19},"end":{"line":99,"column":1}},"1":{"start":{"line":15,"column":38},"end":{"line":18,"column":4}},"2":{"start":{"line":20,"column":16},"end":{"line":34,"column":4}},"3":{"start":{"line":36,"column":2},"end":{"line":38,"column":39}},"4":{"start":{"line":37,"column":4},"end":{"line":37,"column":35}},"5":{"start":{"line":40,"column":2},"end":{"line":98,"column":3}},"6":{"start":{"line":46,"column":12},"end":{"line":52,"column":17}},"7":{"start":{"line":48,"column":16},"end":{"line":50,"column":21}},"8":{"start":{"line":63,"column":27},"end":{"line":63,"column":44}},"9":{"start":{"line":70,"column":27},"end":{"line":70,"column":47}},"10":{"start":{"line":77,"column":27},"end":{"line":77,"column":43}},"11":{"start":{"line":84,"column":27},"end":{"line":84,"column":43}}},"fnMap":{"0":{"name":"(anonymous_0)","decl":{"start":{"line":14,"column":19},"end":{"line":14,"column":20}},"loc":{"start":{"line":14,"column":67},"end":{"line":99,"column":1}},"line":14},"1":{"name":"(anonymous_1)","decl":{"start":{"line":36,"column":12},"end":{"line":36,"column":13}},"loc":{"start":{"line":36,"column":18},"end":{"line":38,"column":3}},"line":36},"2":{"name":"(anonymous_2)","decl":{"start":{"line":45,"column":40},"end":{"line":45,"column":41}},"loc":{"start":{"line":46,"column":12},"end":{"line":52,"column":17}},"line":46},"3":{"name":"(anonymous_3)","decl":{"start":{"line":47,"column":41},"end":{"line":47,"column":42}},"loc":{"start":{"line":48,"column":16},"end":{"line":50,"column":21}},"line":48},"4":{"name":"(anonymous_4)","decl":{"start":{"line":63,"column":21},"end":{"line":63,"column":22}},"loc":{"start":{"line":63,"column":27},"end":{"line":63,"column":44}},"line":63},"5":{"name":"(anonymous_5)","decl":{"start":{"line":70,"column":21},"end":{"line":70,"column":22}},"loc":{"start":{"line":70,"column":27},"end":{"line":70,"column":47}},"line":70},"6":{"name":"(anonymous_6)","decl":{"start":{"line":77,"column":21},"end":{"line":77,"column":22}},"loc":{"start":{"line":77,"column":27},"end":{"line":77,"column":43}},"line":77},"7":{"name":"(anonymous_7)","decl":{"start":{"line":84,"column":21},"end":{"line":84,"column":22}},"loc":{"start":{"line":84,"column":27},"end":{"line":84,"column":43}},"line":84}},"branchMap":{},"s":{"0":2,"1":7,"2":7,"3":7,"4":7,"5":7,"6":14,"7":14,"8":0,"9":0,"10":0,"11":0},"f":{"0":7,"1":7,"2":14,"3":14,"4":0,"5":0,"6":0,"7":0},"b":{},"_coverageSchema":"1a1c01bbd47fc00a2c39e90264f33305004495a9","hash":"b4e321708dbe8289145e35c7ffc3a749be7566dc"}
,"/Users/dev/Downloads/Poke React/src/pages/index.ts": {"path":"/Users/dev/Downloads/Poke React/src/pages/index.ts","statementMap":{},"fnMap":{},"branchMap":{},"s":{},"f":{},"b":{}}
,"/Users/dev/Downloads/Poke React/src/pages/Lists/index.tsx": {"path":"/Users/dev/Downloads/Poke React/src/pages/Lists/index.tsx","statementMap":{"0":{"start":{"line":10,"column":14},"end":{"line":59,"column":1}},"1":{"start":{"line":11,"column":26},"end":{"line":11,"column":37}},"2":{"start":{"line":12,"column":19},"end":{"line":12,"column":32}},"3":{"start":{"line":19,"column":6},"end":{"line":19,"column":45}},"4":{"start":{"line":21,"column":28},"end":{"line":24,"column":3}},"5":{"start":{"line":22,"column":15},"end":{"line":22,"column":43}},"6":{"start":{"line":23,"column":4},"end":{"line":23,"column":30}},"7":{"start":{"line":26,"column":38},"end":{"line":37,"column":3}},"8":{"start":{"line":31,"column":8},"end":{"line":33,"column":14}},"9":{"start":{"line":31,"column":45},"end":{"line":31,"column":90}},"10":{"start":{"line":35,"column":25},"end":{"line":35,"column":40}},"11":{"start":{"line":39,"column":20},"end":{"line":41,"column":3}},"12":{"start":{"line":40,"column":4},"end":{"line":40,"column":23}},"13":{"start":{"line":43,"column":2},"end":{"line":43,"column":65}},"14":{"start":{"line":43,"column":17},"end":{"line":43,"column":65}},"15":{"start":{"line":44,"column":2},"end":{"line":44,"column":59}},"16":{"start":{"line":44,"column":13},"end":{"line":44,"column":59}},"17":{"start":{"line":46,"column":2},"end":{"line":58,"column":3}}},"fnMap":{"0":{"name":"(anonymous_0)","decl":{"start":{"line":10,"column":14},"end":{"line":10,"column":15}},"loc":{"start":{"line":10,"column":20},"end":{"line":59,"column":1}},"line":10},"1":{"name":"(anonymous_1)","decl":{"start":{"line":21,"column":28},"end":{"line":21,"column":29}},"loc":{"start":{"line":21,"column":45},"end":{"line":24,"column":3}},"line":21},"2":{"name":"(anonymous_2)","decl":{"start":{"line":30,"column":12},"end":{"line":30,"column":13}},"loc":{"start":{"line":31,"column":8},"end":{"line":33,"column":14}},"line":31},"3":{"name":"(anonymous_3)","decl":{"start":{"line":31,"column":39},"end":{"line":31,"column":40}},"loc":{"start":{"line":31,"column":45},"end":{"line":31,"column":90}},"line":31},"4":{"name":"(anonymous_4)","decl":{"start":{"line":35,"column":14},"end":{"line":35,"column":15}},"loc":{"start":{"line":35,"column":25},"end":{"line":35,"column":40}},"line":35},"5":{"name":"(anonymous_5)","decl":{"start":{"line":39,"column":20},"end":{"line":39,"column":21}},"loc":{"start":{"line":39,"column":39},"end":{"line":41,"column":3}},"line":39}},"branchMap":{"0":{"loc":{"start":{"line":43,"column":2},"end":{"line":43,"column":65}},"type":"if","locations":[{"start":{"line":43,"column":2},"end":{"line":43,"column":65}},{"start":{},"end":{}}],"line":43},"1":{"loc":{"start":{"line":44,"column":2},"end":{"line":44,"column":59}},"type":"if","locations":[{"start":{"line":44,"column":2},"end":{"line":44,"column":59}},{"start":{},"end":{}}],"line":44},"2":{"loc":{"start":{"line":51,"column":14},"end":{"line":51,"column":40}},"type":"binary-expr","locations":[{"start":{"line":51,"column":14},"end":{"line":51,"column":34}},{"start":{"line":51,"column":38},"end":{"line":51,"column":40}}],"line":51},"3":{"loc":{"start":{"line":53,"column":15},"end":{"line":53,"column":38}},"type":"binary-expr","locations":[{"start":{"line":53,"column":15},"end":{"line":53,"column":33}},{"start":{"line":53,"column":37},"end":{"line":53,"column":38}}],"line":53}},"s":{"0":1,"1":6,"2":6,"3":6,"4":6,"5":1,"6":1,"7":6,"8":6,"9":1,"10":0,"11":6,"12":3,"13":6,"14":1,"15":5,"16":1,"17":4},"f":{"0":6,"1":1,"2":6,"3":1,"4":0,"5":3},"b":{"0":[1,5],"1":[1,4],"2":[4,0],"3":[4,0]},"_coverageSchema":"1a1c01bbd47fc00a2c39e90264f33305004495a9","hash":"58d90bebe5c67ff817ea92ac684130b2e85749db"}
,"/Users/dev/Downloads/Poke React/src/pages/Pokemon/index.tsx": {"path":"/Users/dev/Downloads/Poke React/src/pages/Pokemon/index.tsx","statementMap":{"0":{"start":{"line":8,"column":16},"end":{"line":51,"column":1}},"1":{"start":{"line":9,"column":17},"end":{"line":9,"column":44}},"2":{"start":{"line":15,"column":6},"end":{"line":15,"column":46}},"3":{"start":{"line":17,"column":2},"end":{"line":17,"column":65}},"4":{"start":{"line":17,"column":17},"end":{"line":17,"column":65}},"5":{"start":{"line":19,"column":2},"end":{"line":20,"column":73}},"6":{"start":{"line":20,"column":4},"end":{"line":20,"column":73}},"7":{"start":{"line":22,"column":2},"end":{"line":50,"column":3}},"8":{"start":{"line":42,"column":14},"end":{"line":44,"column":21}}},"fnMap":{"0":{"name":"(anonymous_0)","decl":{"start":{"line":8,"column":16},"end":{"line":8,"column":17}},"loc":{"start":{"line":8,"column":22},"end":{"line":51,"column":1}},"line":8},"1":{"name":"(anonymous_1)","decl":{"start":{"line":41,"column":32},"end":{"line":41,"column":33}},"loc":{"start":{"line":42,"column":14},"end":{"line":44,"column":21}},"line":42}},"branchMap":{"0":{"loc":{"start":{"line":17,"column":2},"end":{"line":17,"column":65}},"type":"if","locations":[{"start":{"line":17,"column":2},"end":{"line":17,"column":65}},{"start":{},"end":{}}],"line":17},"1":{"loc":{"start":{"line":19,"column":2},"end":{"line":20,"column":73}},"type":"if","locations":[{"start":{"line":19,"column":2},"end":{"line":20,"column":73}},{"start":{},"end":{}}],"line":19}},"s":{"0":1,"1":3,"2":3,"3":3,"4":1,"5":2,"6":1,"7":1,"8":1},"f":{"0":3,"1":1},"b":{"0":[1,2],"1":[1,1]},"_coverageSchema":"1a1c01bbd47fc00a2c39e90264f33305004495a9","hash":"bff45eddac2cdd4e059f6322ba759170e91d16ff"}
,"/Users/dev/Downloads/Poke React/src/store/index.ts": {"path":"/Users/dev/Downloads/Poke React/src/store/index.ts","statementMap":{"0":{"start":{"line":6,"column":21},"end":{"line":12,"column":2}},"1":{"start":{"line":11,"column":4},"end":{"line":11,"column":61}},"2":{"start":{"line":14,"column":0},"end":{"line":14,"column":30}}},"fnMap":{"0":{"name":"(anonymous_0)","decl":{"start":{"line":10,"column":14},"end":{"line":10,"column":15}},"loc":{"start":{"line":11,"column":4},"end":{"line":11,"column":61}},"line":11}},"branchMap":{},"s":{"0":0,"1":0,"2":0},"f":{"0":0},"b":{}}
,"/Users/dev/Downloads/Poke React/src/types/index.ts": {"path":"/Users/dev/Downloads/Poke React/src/types/index.ts","statementMap":{},"fnMap":{},"branchMap":{},"s":{},"f":{},"b":{}}
}
